Started GET "/" for ::1 at 2023-08-29 15:00:47 +0900
Processing by Rails::WelcomeController#index as HTML
  Rendering /Users/nshibazaki/.rbenv/versions/3.2.2/lib/ruby/gems/3.2.0/gems/railties-7.0.7.2/lib/rails/templates/rails/welcome/index.html.erb
  Rendered /Users/nshibazaki/.rbenv/versions/3.2.2/lib/ruby/gems/3.2.0/gems/railties-7.0.7.2/lib/rails/templates/rails/welcome/index.html.erb (Duration: 1.6ms | Allocations: 633)
Completed 200 OK in 13ms (Views: 4.6ms | ActiveRecord: 0.0ms | Allocations: 7367)


Started GET "/" for ::1 at 2023-08-30 10:24:44 +0900
  [1m[35m (0.5ms)[0m  [1m[35mCREATE TABLE "schema_migrations" ("version" varchar NOT NULL PRIMARY KEY)[0m
  [1m[35m (0.4ms)[0m  [1m[35mCREATE TABLE "ar_internal_metadata" ("key" varchar NOT NULL PRIMARY KEY, "value" varchar, "created_at" datetime(6) NOT NULL, "updated_at" datetime(6) NOT NULL)[0m
  [1m[36mActiveRecord::SchemaMigration Pluck (0.1ms)[0m  [1m[34mSELECT "schema_migrations"."version" FROM "schema_migrations" ORDER BY "schema_migrations"."version" ASC[0m
  
ActiveRecord::PendingMigrationError (

Migrations are pending. To resolve this issue, run:

        bin/rails db:migrate RAILS_ENV=development

You have 1 pending migration:

20230830003052_create_users.rb


):
  
activerecord (7.0.7.2) lib/active_record/migration.rb:627:in `check_pending!'
activerecord (7.0.7.2) lib/active_record/migration.rb:592:in `block (2 levels) in call'
activesupport (7.0.7.2) lib/active_support/file_update_checker.rb:83:in `execute'
activerecord (7.0.7.2) lib/active_record/migration.rb:597:in `block in call'
activerecord (7.0.7.2) lib/active_record/migration.rb:589:in `synchronize'
activerecord (7.0.7.2) lib/active_record/migration.rb:589:in `call'
actionpack (7.0.7.2) lib/action_dispatch/middleware/callbacks.rb:27:in `block in call'
activesupport (7.0.7.2) lib/active_support/callbacks.rb:99:in `run_callbacks'
actionpack (7.0.7.2) lib/action_dispatch/middleware/callbacks.rb:26:in `call'
actionpack (7.0.7.2) lib/action_dispatch/middleware/executor.rb:14:in `call'
actionpack (7.0.7.2) lib/action_dispatch/middleware/actionable_exceptions.rb:17:in `call'
actionpack (7.0.7.2) lib/action_dispatch/middleware/debug_exceptions.rb:28:in `call'
web-console (4.2.0) lib/web_console/middleware.rb:132:in `call_app'
web-console (4.2.0) lib/web_console/middleware.rb:28:in `block in call'
web-console (4.2.0) lib/web_console/middleware.rb:17:in `catch'
web-console (4.2.0) lib/web_console/middleware.rb:17:in `call'
actionpack (7.0.7.2) lib/action_dispatch/middleware/show_exceptions.rb:29:in `call'
railties (7.0.7.2) lib/rails/rack/logger.rb:40:in `call_app'
railties (7.0.7.2) lib/rails/rack/logger.rb:25:in `block in call'
activesupport (7.0.7.2) lib/active_support/tagged_logging.rb:99:in `block in tagged'
activesupport (7.0.7.2) lib/active_support/tagged_logging.rb:37:in `tagged'
activesupport (7.0.7.2) lib/active_support/tagged_logging.rb:99:in `tagged'
railties (7.0.7.2) lib/rails/rack/logger.rb:25:in `call'
sprockets-rails (3.4.2) lib/sprockets/rails/quiet_assets.rb:13:in `call'
actionpack (7.0.7.2) lib/action_dispatch/middleware/remote_ip.rb:93:in `call'
actionpack (7.0.7.2) lib/action_dispatch/middleware/request_id.rb:26:in `call'
rack (2.2.8) lib/rack/method_override.rb:24:in `call'
rack (2.2.8) lib/rack/runtime.rb:22:in `call'
activesupport (7.0.7.2) lib/active_support/cache/strategy/local_cache_middleware.rb:29:in `call'
actionpack (7.0.7.2) lib/action_dispatch/middleware/server_timing.rb:61:in `block in call'
actionpack (7.0.7.2) lib/action_dispatch/middleware/server_timing.rb:26:in `collect_events'
actionpack (7.0.7.2) lib/action_dispatch/middleware/server_timing.rb:60:in `call'
actionpack (7.0.7.2) lib/action_dispatch/middleware/executor.rb:14:in `call'
actionpack (7.0.7.2) lib/action_dispatch/middleware/static.rb:23:in `call'
rack (2.2.8) lib/rack/sendfile.rb:110:in `call'
actionpack (7.0.7.2) lib/action_dispatch/middleware/host_authorization.rb:137:in `call'
railties (7.0.7.2) lib/rails/engine.rb:530:in `call'
puma (5.6.7) lib/puma/configuration.rb:252:in `call'
puma (5.6.7) lib/puma/request.rb:77:in `block in handle_request'
puma (5.6.7) lib/puma/thread_pool.rb:340:in `with_force_shutdown'
puma (5.6.7) lib/puma/request.rb:76:in `handle_request'
puma (5.6.7) lib/puma/server.rb:443:in `process_client'
puma (5.6.7) lib/puma/thread_pool.rb:147:in `block in spawn_thread'
Started GET "/" for ::1 at 2023-08-30 10:25:42 +0900
  [1m[36mActiveRecord::SchemaMigration Pluck (0.1ms)[0m  [1m[34mSELECT "schema_migrations"."version" FROM "schema_migrations" ORDER BY "schema_migrations"."version" ASC[0m
Processing by Rails::WelcomeController#index as HTML
  Rendering /Users/nshibazaki/.rbenv/versions/3.2.2/lib/ruby/gems/3.2.0/gems/railties-7.0.7.2/lib/rails/templates/rails/welcome/index.html.erb
  Rendered /Users/nshibazaki/.rbenv/versions/3.2.2/lib/ruby/gems/3.2.0/gems/railties-7.0.7.2/lib/rails/templates/rails/welcome/index.html.erb (Duration: 0.9ms | Allocations: 489)
Completed 200 OK in 7ms (Views: 2.0ms | ActiveRecord: 0.0ms | Allocations: 4233)


Started GET "/user" for ::1 at 2023-08-30 10:25:52 +0900
  
ActionController::RoutingError (No route matches [GET] "/user"):
  
Started GET "/total" for ::1 at 2023-08-30 10:26:00 +0900
  
ActionController::RoutingError (No route matches [GET] "/total"):
  
Started GET "/users" for ::1 at 2023-08-30 10:26:08 +0900
Processing by UsersController#index as HTML
  Rendering layout layouts/application.html.erb
  Rendering users/index.html.erb within layouts/application
  Rendered users/index.html.erb within layouts/application (Duration: 0.5ms | Allocations: 96)
  Rendered layout layouts/application.html.erb (Duration: 752.9ms | Allocations: 89680)
Completed 200 OK in 756ms (Views: 755.3ms | ActiveRecord: 0.0ms | Allocations: 90403)


Started GET "/users" for ::1 at 2023-08-30 10:26:31 +0900
Processing by UsersController#index as HTML
  Rendering layout layouts/application.html.erb
  Rendering users/index.html.erb within layouts/application
  Rendered users/index.html.erb within layouts/application (Duration: 1.6ms | Allocations: 107)
  Rendered layout layouts/application.html.erb (Duration: 6.6ms | Allocations: 2692)
Completed 200 OK in 10ms (Views: 9.1ms | ActiveRecord: 0.0ms | Allocations: 3318)


Started GET "/" for ::1 at 2023-09-10 16:34:07 +0900
  [1m[36mActiveRecord::SchemaMigration Pluck (0.1ms)[0m  [1m[34mSELECT "schema_migrations"."version" FROM "schema_migrations" ORDER BY "schema_migrations"."version" ASC[0m
Processing by Rails::WelcomeController#index as HTML
  Rendering /Users/nshibazaki/.rbenv/versions/3.2.2/lib/ruby/gems/3.2.0/gems/railties-7.0.7.2/lib/rails/templates/rails/welcome/index.html.erb
  Rendered /Users/nshibazaki/.rbenv/versions/3.2.2/lib/ruby/gems/3.2.0/gems/railties-7.0.7.2/lib/rails/templates/rails/welcome/index.html.erb (Duration: 0.8ms | Allocations: 489)
Completed 200 OK in 7ms (Views: 2.2ms | ActiveRecord: 0.0ms | Allocations: 4236)


  [1m[36mActiveRecord::SchemaMigration Pluck (0.0ms)[0m  [1m[34mSELECT "schema_migrations"."version" FROM "schema_migrations" ORDER BY "schema_migrations"."version" ASC[0m
Migrating to CreateUsers (20230910073738)
  [1m[36mTRANSACTION (0.0ms)[0m  [1m[36mbegin transaction[0m
  [1m[35m (0.2ms)[0m  [1m[35mCREATE TABLE "users" ("id" integer PRIMARY KEY AUTOINCREMENT NOT NULL, "name" varchar, "email" varchar, "password_digest" varchar, "created_at" datetime(6) NOT NULL, "updated_at" datetime(6) NOT NULL)[0m
  [1m[36mActiveRecord::SchemaMigration Create (0.1ms)[0m  [1m[32mINSERT INTO "schema_migrations" ("version") VALUES (?)[0m  [["version", "20230910073738"]]
  [1m[36mTRANSACTION (0.7ms)[0m  [1m[36mcommit transaction[0m
  [1m[36mActiveRecord::InternalMetadata Load (0.1ms)[0m  [1m[34mSELECT "ar_internal_metadata".* FROM "ar_internal_metadata" WHERE "ar_internal_metadata"."key" = ? LIMIT ?[0m  [["key", "environment"], ["LIMIT", 1]]
  [1m[36mTRANSACTION (0.0ms)[0m  [1m[36mbegin transaction[0m
  [1m[36mActiveRecord::InternalMetadata Create (0.2ms)[0m  [1m[32mINSERT INTO "ar_internal_metadata" ("key", "value", "created_at", "updated_at") VALUES (?, ?, ?, ?)[0m  [["key", "environment"], ["value", "development"], ["created_at", "2023-09-10 07:46:46.161103"], ["updated_at", "2023-09-10 07:46:46.161103"]]
  [1m[36mTRANSACTION (0.3ms)[0m  [1m[36mcommit transaction[0m
  [1m[36mActiveRecord::SchemaMigration Pluck (0.0ms)[0m  [1m[34mSELECT "schema_migrations"."version" FROM "schema_migrations" ORDER BY "schema_migrations"."version" ASC[0m
Started GET "/users" for ::1 at 2023-09-10 16:48:14 +0900
  [1m[36mActiveRecord::SchemaMigration Pluck (0.0ms)[0m  [1m[34mSELECT "schema_migrations"."version" FROM "schema_migrations" ORDER BY "schema_migrations"."version" ASC[0m
Processing by UsersController#index as HTML
  Rendering layout layouts/application.html.erb
  Rendering users/index.html.erb within layouts/application
  Rendered users/index.html.erb within layouts/application (Duration: 0.4ms | Allocations: 104)
  Rendered layout layouts/application.html.erb (Duration: 24.4ms | Allocations: 33809)
Completed 200 OK in 26ms (Views: 25.4ms | ActiveRecord: 0.0ms | Allocations: 34578)


Started GET "/users" for ::1 at 2023-09-11 09:55:32 +0900
Processing by UsersController#index as HTML
  Rendering layout layouts/application.html.erb
  Rendering users/index.html.erb within layouts/application
  Rendered users/index.html.erb within layouts/application (Duration: 0.3ms | Allocations: 106)
  Rendered layout layouts/application.html.erb (Duration: 11.0ms | Allocations: 13460)
Completed 200 OK in 13ms (Views: 11.8ms | ActiveRecord: 0.0ms | Allocations: 14360)


Started GET "/users/new" for ::1 at 2023-09-11 09:55:35 +0900
Processing by UsersController#new as HTML
Completed 500 Internal Server Error in 21ms (ActiveRecord: 0.0ms | Allocations: 1003)


  
LoadError (cannot load such file -- bcrypt):
  
app/models/user.rb:2:in `<class:User>'
app/models/user.rb:1:in `<main>'
app/controllers/users_controller.rb:7:in `new'
Started GET "/users/new" for ::1 at 2023-09-11 09:55:51 +0900
Processing by UsersController#new as HTML
  Rendering layout layouts/application.html.erb
  Rendering users/new.html.erb within layouts/application
  Rendered users/new.html.erb within layouts/application (Duration: 0.8ms | Allocations: 1103)
  Rendered layout layouts/application.html.erb (Duration: 0.8ms | Allocations: 1191)
Completed 500 Internal Server Error in 10ms (ActiveRecord: 1.8ms | Allocations: 7124)


  
ActionView::Template::Error (undefined local variable or method `user' for #<ActionView::Base:0x000000000162d8>):
    1: <%= form_with model: user do |form| %>
    2:     ãƒ•ã‚©ãƒ¼ãƒ å†…å®¹
    3:   <% end %>
  
app/views/users/new.html.erb:1
Started GET "/users/new" for ::1 at 2023-09-11 09:56:04 +0900
Processing by UsersController#new as HTML
  Rendering layout layouts/application.html.erb
  Rendering users/new.html.erb within layouts/application
  Rendered users/new.html.erb within layouts/application (Duration: 2.8ms | Allocations: 762)
  Rendered layout layouts/application.html.erb (Duration: 9.7ms | Allocations: 13925)
Completed 200 OK in 15ms (Views: 12.0ms | ActiveRecord: 0.0ms | Allocations: 14764)


Started GET "/users/new" for ::1 at 2023-09-11 09:57:06 +0900
Processing by UsersController#new as HTML
  Rendering layout layouts/application.html.erb
  Rendering users/new.html.erb within layouts/application
  Rendered users/new.html.erb within layouts/application (Duration: 6.1ms | Allocations: 1123)
  Rendered layout layouts/application.html.erb (Duration: 6.2ms | Allocations: 1212)
Completed 500 Internal Server Error in 11ms (ActiveRecord: 0.0ms | Allocations: 2017)


  
ActionView::SyntaxErrorInTemplate (Encountered a syntax error while rendering template: check <%= form_with model: @user do |form| %>
    <%= form.text_field :name "åå‰" %><br/>
    <%= form.submit %>
<% end %>
):
1:    <%= form_with model: @user do |form| %>
2:        <%= form.text_field :name "åå‰" %><br/>
3:        <%= form.submit %>
4:    <% end %>
  
app/views/users/new.html.erb:2: syntax error, unexpected string literal, expecting ')'
app/views/users/new.html.erb:2: syntax error, unexpected string literal, expecting ')'
app/views/users/new.html.erb:2: syntax error, unexpected string literal, expecting ')'
app/views/users/new.html.erb:2: syntax error, unexpected string literal, expecting ')'
app/views/users/new.html.erb:2: syntax error, unexpected string literal, expecting ')'
app/views/users/new.html.erb:2: syntax error, unexpected string literal, expecting ')'
Started GET "/users/new" for ::1 at 2023-09-11 09:57:39 +0900
Processing by UsersController#new as HTML
  Rendering layout layouts/application.html.erb
  Rendering users/new.html.erb within layouts/application
  Rendered users/new.html.erb within layouts/application (Duration: 10.1ms | Allocations: 8633)
  Rendered layout layouts/application.html.erb (Duration: 12.7ms | Allocations: 11027)
Completed 200 OK in 16ms (Views: 14.8ms | ActiveRecord: 0.0ms | Allocations: 11850)


Started GET "/users/new" for ::1 at 2023-09-11 09:57:53 +0900
Processing by UsersController#new as HTML
  Rendering layout layouts/application.html.erb
  Rendering users/new.html.erb within layouts/application
  Rendered users/new.html.erb within layouts/application (Duration: 1.2ms | Allocations: 1227)
  Rendered layout layouts/application.html.erb (Duration: 1.3ms | Allocations: 1315)
Completed 500 Internal Server Error in 5ms (ActiveRecord: 0.0ms | Allocations: 2117)


  
ActionView::Template::Error (no implicit conversion of String into Hash):
    1: <%= form_with model: @user do |form| %>
    2:     <%= form.text_field :name, "åå‰" %><br/>
    3:     <%= form.submit %>
    4: <% end %>
  
app/views/users/new.html.erb:2
app/views/users/new.html.erb:1
Started GET "/users/new" for ::1 at 2023-09-11 09:59:44 +0900
Processing by UsersController#new as HTML
  Rendering layout layouts/application.html.erb
  Rendering users/new.html.erb within layouts/application
  Rendered users/new.html.erb within layouts/application (Duration: 12.0ms | Allocations: 8659)
  Rendered layout layouts/application.html.erb (Duration: 15.7ms | Allocations: 11053)
Completed 200 OK in 18ms (Views: 17.3ms | ActiveRecord: 0.0ms | Allocations: 11880)


Started POST "/users" for ::1 at 2023-09-11 09:59:51 +0900
Processing by UsersController#create as TURBO_STREAM
  Parameters: {"authenticity_token"=>"[FILTERED]", "user"=>{"name"=>"æ–‰è—¤"}, "commit"=>"Create User"}
  [1m[36mTRANSACTION (0.1ms)[0m  [1m[36mbegin transaction[0m
  â†³ app/controllers/users_controller.rb:12:in `create'
  [1m[36mUser Create (0.9ms)[0m  [1m[32mINSERT INTO "users" ("name", "email", "password_digest", "created_at", "updated_at") VALUES (?, ?, ?, ?, ?)[0m  [["name", "æ–‰è—¤"], ["email", nil], ["password_digest", "[FILTERED]"], ["created_at", "2023-09-11 00:59:51.223697"], ["updated_at", "2023-09-11 00:59:51.223697"]]
  â†³ app/controllers/users_controller.rb:12:in `create'
  [1m[36mTRANSACTION (0.2ms)[0m  [1m[36mcommit transaction[0m
  â†³ app/controllers/users_controller.rb:12:in `create'
No template found for UsersController#create, rendering head :no_content
Completed 204 No Content in 6ms (ActiveRecord: 1.2ms | Allocations: 4136)


Started GET "/users/new" for ::1 at 2023-09-11 10:02:57 +0900
Processing by UsersController#new as HTML
  Rendering layout layouts/application.html.erb
  Rendering users/new.html.erb within layouts/application
  Rendered users/new.html.erb within layouts/application (Duration: 1.4ms | Allocations: 904)
  Rendered layout layouts/application.html.erb (Duration: 10.2ms | Allocations: 14071)
Completed 200 OK in 19ms (Views: 11.2ms | ActiveRecord: 0.3ms | Allocations: 17361)


Started POST "/users" for ::1 at 2023-09-11 10:02:58 +0900
Processing by UsersController#create as TURBO_STREAM
  Parameters: {"authenticity_token"=>"[FILTERED]", "user"=>{"name"=>""}, "commit"=>"Create User"}
  [1m[36mTRANSACTION (0.1ms)[0m  [1m[36mbegin transaction[0m
  â†³ app/controllers/users_controller.rb:12:in `create'
  [1m[36mUser Create (0.6ms)[0m  [1m[32mINSERT INTO "users" ("name", "email", "password_digest", "created_at", "updated_at") VALUES (?, ?, ?, ?, ?)[0m  [["name", ""], ["email", nil], ["password_digest", "[FILTERED]"], ["created_at", "2023-09-11 01:02:58.620843"], ["updated_at", "2023-09-11 01:02:58.620843"]]
  â†³ app/controllers/users_controller.rb:12:in `create'
  [1m[36mTRANSACTION (0.8ms)[0m  [1m[36mcommit transaction[0m
  â†³ app/controllers/users_controller.rb:12:in `create'
No template found for UsersController#create, rendering head :no_content
Completed 204 No Content in 8ms (ActiveRecord: 1.5ms | Allocations: 2584)


Started GET "/users/new" for ::1 at 2023-09-11 10:03:31 +0900
Processing by UsersController#new as HTML
  Rendering layout layouts/application.html.erb
  Rendering users/new.html.erb within layouts/application
  Rendered users/new.html.erb within layouts/application (Duration: 2.6ms | Allocations: 1032)
  Rendered layout layouts/application.html.erb (Duration: 6.3ms | Allocations: 3413)
Completed 200 OK in 10ms (Views: 8.0ms | ActiveRecord: 0.0ms | Allocations: 4238)


Started GET "/users/new" for ::1 at 2023-09-11 10:05:22 +0900
Processing by UsersController#new as HTML
  Rendering layout layouts/application.html.erb
  Rendering users/new.html.erb within layouts/application
  Rendered users/new.html.erb within layouts/application (Duration: 2.1ms | Allocations: 1194)
  Rendered layout layouts/application.html.erb (Duration: 6.0ms | Allocations: 3569)
Completed 200 OK in 9ms (Views: 7.7ms | ActiveRecord: 0.0ms | Allocations: 4393)


Started POST "/users" for ::1 at 2023-09-11 10:05:33 +0900
Processing by UsersController#create as TURBO_STREAM
  Parameters: {"authenticity_token"=>"[FILTERED]", "user"=>{"name"=>"ã¦ã¦", "email"=>"n.planet48@gmail.co", "password_digest"=>"[FILTERED]"}, "commit"=>"Create User"}
  [1m[36mTRANSACTION (0.1ms)[0m  [1m[36mbegin transaction[0m
  â†³ app/controllers/users_controller.rb:12:in `create'
  [1m[36mUser Create (0.7ms)[0m  [1m[32mINSERT INTO "users" ("name", "email", "password_digest", "created_at", "updated_at") VALUES (?, ?, ?, ?, ?)[0m  [["name", "ã¦ã¦"], ["email", "n.planet48@gmail.co"], ["password_digest", "[FILTERED]"], ["created_at", "2023-09-11 01:05:33.112017"], ["updated_at", "2023-09-11 01:05:33.112017"]]
  â†³ app/controllers/users_controller.rb:12:in `create'
  [1m[36mTRANSACTION (0.9ms)[0m  [1m[36mcommit transaction[0m
  â†³ app/controllers/users_controller.rb:12:in `create'
No template found for UsersController#create, rendering head :no_content
Completed 204 No Content in 8ms (ActiveRecord: 1.8ms | Allocations: 2490)


Started GET "/users/new" for ::1 at 2023-09-11 10:07:57 +0900
Processing by UsersController#new as HTML
  Rendering layout layouts/application.html.erb
  Rendering users/new.html.erb within layouts/application
  Rendered users/new.html.erb within layouts/application (Duration: 1.1ms | Allocations: 976)
  Rendered layout layouts/application.html.erb (Duration: 8.3ms | Allocations: 13776)
Completed 200 OK in 13ms (Views: 9.0ms | ActiveRecord: 0.4ms | Allocations: 16601)


Started POST "/users" for ::1 at 2023-09-11 10:08:01 +0900
Processing by UsersController#create as TURBO_STREAM
  Parameters: {"authenticity_token"=>"[FILTERED]", "user"=>{"name"=>"a", "email"=>"a", "password_digest"=>"[FILTERED]"}, "commit"=>"Create User"}
  [1m[36mTRANSACTION (0.1ms)[0m  [1m[36mbegin transaction[0m
  â†³ app/controllers/users_controller.rb:12:in `create'
  [1m[36mUser Create (0.6ms)[0m  [1m[32mINSERT INTO "users" ("name", "email", "password_digest", "created_at", "updated_at") VALUES (?, ?, ?, ?, ?)[0m  [["name", "a"], ["email", "a"], ["password_digest", "[FILTERED]"], ["created_at", "2023-09-11 01:08:01.088159"], ["updated_at", "2023-09-11 01:08:01.088159"]]
  â†³ app/controllers/users_controller.rb:12:in `create'
  [1m[36mTRANSACTION (0.6ms)[0m  [1m[36mcommit transaction[0m
  â†³ app/controllers/users_controller.rb:12:in `create'
Completed 500 Internal Server Error in 12ms (ActiveRecord: 1.3ms | Allocations: 3304)


  
ActionView::MissingTemplate (Missing partial users/_user with {:locale=>[:en], :formats=>[:turbo_stream, :html], :variants=>[], :handlers=>[:raw, :erb, :html, :builder, :ruby, :jbuilder]}.

Searched in:
  * "/Users/nshibazaki/bugs/app/total/app/views"
  * "/Users/nshibazaki/.rbenv/versions/3.2.2/lib/ruby/gems/3.2.0/gems/turbo-rails-1.4.0/app/views"
  * "/Users/nshibazaki/.rbenv/versions/3.2.2/lib/ruby/gems/3.2.0/gems/actiontext-7.0.7.2/app/views"
  * "/Users/nshibazaki/.rbenv/versions/3.2.2/lib/ruby/gems/3.2.0/gems/actionmailbox-7.0.7.2/app/views"
):
  
app/controllers/users_controller.rb:13:in `create'
Started GET "/" for ::1 at 2023-09-11 10:12:38 +0900
Processing by Rails::WelcomeController#index as HTML
  Rendering /Users/nshibazaki/.rbenv/versions/3.2.2/lib/ruby/gems/3.2.0/gems/railties-7.0.7.2/lib/rails/templates/rails/welcome/index.html.erb
  Rendered /Users/nshibazaki/.rbenv/versions/3.2.2/lib/ruby/gems/3.2.0/gems/railties-7.0.7.2/lib/rails/templates/rails/welcome/index.html.erb (Duration: 0.9ms | Allocations: 270)
Completed 200 OK in 2ms (Views: 1.6ms | ActiveRecord: 0.0ms | Allocations: 831)


Started GET "/" for ::1 at 2023-09-11 10:12:44 +0900
Processing by Rails::WelcomeController#index as HTML
  Rendering /Users/nshibazaki/.rbenv/versions/3.2.2/lib/ruby/gems/3.2.0/gems/railties-7.0.7.2/lib/rails/templates/rails/welcome/index.html.erb
  Rendered /Users/nshibazaki/.rbenv/versions/3.2.2/lib/ruby/gems/3.2.0/gems/railties-7.0.7.2/lib/rails/templates/rails/welcome/index.html.erb (Duration: 0.1ms | Allocations: 13)
Completed 200 OK in 1ms (Views: 0.4ms | ActiveRecord: 0.0ms | Allocations: 211)


Started GET "/users/new" for ::1 at 2023-09-11 10:12:48 +0900
Processing by UsersController#new as HTML
  Rendering layout layouts/application.html.erb
  Rendering users/new.html.erb within layouts/application
  Rendered users/new.html.erb within layouts/application (Duration: 1.8ms | Allocations: 976)
  Rendered layout layouts/application.html.erb (Duration: 12.3ms | Allocations: 13938)
Completed 200 OK in 20ms (Views: 13.0ms | ActiveRecord: 0.3ms | Allocations: 16822)


Started POST "/users" for ::1 at 2023-09-11 10:12:51 +0900
Processing by UsersController#create as TURBO_STREAM
  Parameters: {"authenticity_token"=>"[FILTERED]", "user"=>{"name"=>"a", "email"=>"a", "password_digest"=>"[FILTERED]"}, "commit"=>"Create User"}
  [1m[36mTRANSACTION (0.1ms)[0m  [1m[36mbegin transaction[0m
  â†³ app/controllers/users_controller.rb:13:in `create'
  [1m[36mUser Create (0.4ms)[0m  [1m[32mINSERT INTO "users" ("name", "email", "password_digest", "created_at", "updated_at") VALUES (?, ?, ?, ?, ?)[0m  [["name", "a"], ["email", "a"], ["password_digest", "[FILTERED]"], ["created_at", "2023-09-11 01:12:51.339166"], ["updated_at", "2023-09-11 01:12:51.339166"]]
  â†³ app/controllers/users_controller.rb:13:in `create'
  [1m[36mTRANSACTION (0.6ms)[0m  [1m[36mcommit transaction[0m
  â†³ app/controllers/users_controller.rb:13:in `create'
Redirected to http://localhost:3000/users
Completed 302 Found in 7ms (ActiveRecord: 1.1ms | Allocations: 2431)


Started GET "/users" for ::1 at 2023-09-11 10:12:51 +0900
Processing by UsersController#index as TURBO_STREAM
  Rendering layout layouts/application.html.erb
  Rendering users/index.html.erb within layouts/application
  [1m[36mUser Load (0.2ms)[0m  [1m[34mSELECT "users".* FROM "users"[0m
  â†³ app/views/users/index.html.erb:6
  Rendered users/index.html.erb within layouts/application (Duration: 1.7ms | Allocations: 933)
  Rendered layout layouts/application.html.erb (Duration: 3.0ms | Allocations: 3197)
Completed 200 OK in 4ms (Views: 3.1ms | ActiveRecord: 0.2ms | Allocations: 3570)


Started GET "/members.scss" for ::1 at 2023-09-11 10:12:51 +0900
  
ActionController::RoutingError (No route matches [GET] "/members.scss"):
  
Started GET "/users/new" for ::1 at 2023-09-11 10:13:41 +0900
Processing by UsersController#new as HTML
  Rendering layout layouts/application.html.erb
  Rendering users/new.html.erb within layouts/application
  Rendered users/new.html.erb within layouts/application (Duration: 2.3ms | Allocations: 888)
  Rendered layout layouts/application.html.erb (Duration: 10.2ms | Allocations: 3012)
Completed 200 OK in 15ms (Views: 11.4ms | ActiveRecord: 0.0ms | Allocations: 3285)


Started GET "/" for ::1 at 2023-09-11 10:16:34 +0900
Processing by Rails::WelcomeController#index as HTML
  Rendering /Users/nshibazaki/.rbenv/versions/3.2.2/lib/ruby/gems/3.2.0/gems/railties-7.0.7.2/lib/rails/templates/rails/welcome/index.html.erb
  Rendered /Users/nshibazaki/.rbenv/versions/3.2.2/lib/ruby/gems/3.2.0/gems/railties-7.0.7.2/lib/rails/templates/rails/welcome/index.html.erb (Duration: 0.3ms | Allocations: 13)
Completed 200 OK in 3ms (Views: 1.0ms | ActiveRecord: 0.0ms | Allocations: 215)


Started GET "/users/new" for ::1 at 2023-09-11 10:17:10 +0900
Processing by UsersController#new as HTML
  Rendering layout layouts/application.html.erb
  Rendering users/new.html.erb within layouts/application
  Rendered users/new.html.erb within layouts/application (Duration: 4.2ms | Allocations: 855)
  Rendered layout layouts/application.html.erb (Duration: 12.0ms | Allocations: 2964)
Completed 200 OK in 15ms (Views: 12.9ms | ActiveRecord: 0.0ms | Allocations: 3237)


Started POST "/users" for ::1 at 2023-09-11 10:18:33 +0900
Processing by UsersController#create as TURBO_STREAM
  Parameters: {"authenticity_token"=>"[FILTERED]", "user"=>{"name"=>"a", "email"=>"a", "password_digest"=>"[FILTERED]"}, "commit"=>"Create User"}
Completed 500 Internal Server Error in 4ms (ActiveRecord: 0.0ms | Allocations: 1130)


  
LoadError (cannot load such file -- bcrypt):
  
app/models/user.rb:2:in `<class:User>'
app/models/user.rb:1:in `<main>'
app/controllers/users_controller.rb:11:in `create'
Started GET "/users/new" for ::1 at 2023-09-11 10:21:50 +0900
Processing by UsersController#new as HTML
Completed 500 Internal Server Error in 11ms (ActiveRecord: 0.0ms | Allocations: 5993)


  
LoadError (cannot load such file -- bcrypt):
  
app/models/user.rb:2:in `<class:User>'
app/models/user.rb:1:in `<main>'
app/controllers/users_controller.rb:7:in `new'
Started GET "/users/new" for ::1 at 2023-09-11 10:22:11 +0900
Processing by UsersController#new as HTML
Completed 500 Internal Server Error in 3ms (ActiveRecord: 0.0ms | Allocations: 533)


  
LoadError (cannot load such file -- bcrypt):
  
app/models/user.rb:2:in `<class:User>'
app/models/user.rb:1:in `<main>'
app/controllers/users_controller.rb:7:in `new'
Started GET "/users/" for ::1 at 2023-09-11 10:22:15 +0900
Processing by UsersController#index as HTML
Completed 500 Internal Server Error in 3ms (ActiveRecord: 0.0ms | Allocations: 533)


  
LoadError (cannot load such file -- bcrypt):
  
app/models/user.rb:2:in `<class:User>'
app/models/user.rb:1:in `<main>'
app/controllers/users_controller.rb:3:in `index'
Started GET "/" for ::1 at 2023-09-11 10:27:23 +0900
  [1m[36mActiveRecord::SchemaMigration Pluck (0.1ms)[0m  [1m[34mSELECT "schema_migrations"."version" FROM "schema_migrations" ORDER BY "schema_migrations"."version" ASC[0m
Processing by Rails::WelcomeController#index as HTML
  Rendering /Users/nshibazaki/.rbenv/versions/3.2.2/lib/ruby/gems/3.2.0/gems/railties-7.0.7.2/lib/rails/templates/rails/welcome/index.html.erb
  Rendered /Users/nshibazaki/.rbenv/versions/3.2.2/lib/ruby/gems/3.2.0/gems/railties-7.0.7.2/lib/rails/templates/rails/welcome/index.html.erb (Duration: 0.7ms | Allocations: 489)
Completed 200 OK in 7ms (Views: 1.8ms | ActiveRecord: 0.0ms | Allocations: 4236)


Started GET "/users/new" for ::1 at 2023-09-11 10:27:32 +0900
Processing by UsersController#new as HTML
  Rendering layout layouts/application.html.erb
  Rendering users/new.html.erb within layouts/application
  Rendered users/new.html.erb within layouts/application (Duration: 5.6ms | Allocations: 2143)
  Rendered layout layouts/application.html.erb (Duration: 34.1ms | Allocations: 35551)
Completed 200 OK in 43ms (Views: 35.1ms | ActiveRecord: 0.2ms | Allocations: 41980)


Started POST "/users" for ::1 at 2023-09-11 10:27:36 +0900
Processing by UsersController#create as TURBO_STREAM
  Parameters: {"authenticity_token"=>"[FILTERED]", "user"=>{"name"=>"a", "email"=>"a", "password_digest"=>"[FILTERED]"}, "commit"=>"Create User"}
  [1m[36mTRANSACTION (0.1ms)[0m  [1m[36mbegin transaction[0m
  â†³ app/controllers/users_controller.rb:13:in `create'
  [1m[36mUser Create (0.6ms)[0m  [1m[32mINSERT INTO "users" ("name", "email", "password_digest", "created_at", "updated_at") VALUES (?, ?, ?, ?, ?)[0m  [["name", "a"], ["email", "a"], ["password_digest", "[FILTERED]"], ["created_at", "2023-09-11 01:27:36.888069"], ["updated_at", "2023-09-11 01:27:36.888069"]]
  â†³ app/controllers/users_controller.rb:13:in `create'
  [1m[36mTRANSACTION (0.5ms)[0m  [1m[36mcommit transaction[0m
  â†³ app/controllers/users_controller.rb:13:in `create'
Redirected to http://localhost:3000/users
Completed 302 Found in 6ms (ActiveRecord: 1.2ms | Allocations: 3634)


Started GET "/users" for ::1 at 2023-09-11 10:27:36 +0900
Processing by UsersController#index as TURBO_STREAM
  Rendering layout layouts/application.html.erb
  Rendering users/index.html.erb within layouts/application
  [1m[36mUser Load (0.2ms)[0m  [1m[34mSELECT "users".* FROM "users"[0m
  â†³ app/views/users/index.html.erb:6
  Rendered users/index.html.erb within layouts/application (Duration: 1.8ms | Allocations: 949)
  Rendered layout layouts/application.html.erb (Duration: 4.4ms | Allocations: 3214)
Completed 200 OK in 5ms (Views: 4.5ms | ActiveRecord: 0.2ms | Allocations: 3633)


Started GET "/members.scss" for ::1 at 2023-09-11 10:27:36 +0900
  
ActionController::RoutingError (No route matches [GET] "/members.scss"):
  
Started GET "/users" for ::1 at 2023-09-11 10:27:39 +0900
Processing by UsersController#index as HTML
  Rendering layout layouts/application.html.erb
  Rendering users/index.html.erb within layouts/application
  [1m[36mUser Load (0.2ms)[0m  [1m[34mSELECT "users".* FROM "users"[0m
  â†³ app/views/users/index.html.erb:6
  Rendered users/index.html.erb within layouts/application (Duration: 1.3ms | Allocations: 651)
  Rendered layout layouts/application.html.erb (Duration: 4.6ms | Allocations: 2959)
Completed 200 OK in 9ms (Views: 8.0ms | ActiveRecord: 0.2ms | Allocations: 3236)


Started GET "/members.scss" for ::1 at 2023-09-11 10:27:39 +0900
  
ActionController::RoutingError (No route matches [GET] "/members.scss"):
  
Started GET "/users/new" for ::1 at 2023-09-11 10:27:45 +0900
Processing by UsersController#new as HTML
  Rendering layout layouts/application.html.erb
  Rendering users/new.html.erb within layouts/application
  Rendered users/new.html.erb within layouts/application (Duration: 1.8ms | Allocations: 859)
  Rendered layout layouts/application.html.erb (Duration: 5.7ms | Allocations: 2983)
Completed 200 OK in 11ms (Views: 10.1ms | ActiveRecord: 0.0ms | Allocations: 3255)


Started POST "/users" for ::1 at 2023-09-11 10:27:51 +0900
Processing by UsersController#create as TURBO_STREAM
  Parameters: {"authenticity_token"=>"[FILTERED]", "user"=>{"name"=>"b", "email"=>"b", "password_digest"=>"[FILTERED]"}, "commit"=>"Create User"}
  [1m[36mTRANSACTION (0.1ms)[0m  [1m[36mbegin transaction[0m
  â†³ app/controllers/users_controller.rb:13:in `create'
  [1m[36mUser Create (0.5ms)[0m  [1m[32mINSERT INTO "users" ("name", "email", "password_digest", "created_at", "updated_at") VALUES (?, ?, ?, ?, ?)[0m  [["name", "b"], ["email", "b"], ["password_digest", "[FILTERED]"], ["created_at", "2023-09-11 01:27:51.578355"], ["updated_at", "2023-09-11 01:27:51.578355"]]
  â†³ app/controllers/users_controller.rb:13:in `create'
  [1m[36mTRANSACTION (1.0ms)[0m  [1m[36mcommit transaction[0m
  â†³ app/controllers/users_controller.rb:13:in `create'
Redirected to http://localhost:3000/users
Completed 302 Found in 6ms (ActiveRecord: 1.6ms | Allocations: 2245)


Started GET "/users" for ::1 at 2023-09-11 10:27:51 +0900
Processing by UsersController#index as TURBO_STREAM
  Rendering layout layouts/application.html.erb
  Rendering users/index.html.erb within layouts/application
  [1m[36mUser Load (0.1ms)[0m  [1m[34mSELECT "users".* FROM "users"[0m
  â†³ app/views/users/index.html.erb:6
  Rendered users/index.html.erb within layouts/application (Duration: 1.0ms | Allocations: 658)
  Rendered layout layouts/application.html.erb (Duration: 4.2ms | Allocations: 2924)
Completed 200 OK in 5ms (Views: 4.5ms | ActiveRecord: 0.1ms | Allocations: 3198)


Started GET "/members.scss" for ::1 at 2023-09-11 10:27:51 +0900
  
ActionController::RoutingError (No route matches [GET] "/members.scss"):
  
Started GET "/users" for ::1 at 2023-09-11 10:28:43 +0900
Processing by UsersController#index as HTML
  Rendering layout layouts/application.html.erb
  Rendering users/index.html.erb within layouts/application
  [1m[36mUser Load (0.1ms)[0m  [1m[34mSELECT "users".* FROM "users"[0m
  â†³ app/views/users/index.html.erb:6
  Rendered users/index.html.erb within layouts/application (Duration: 2.4ms | Allocations: 880)
  Rendered layout layouts/application.html.erb (Duration: 7.4ms | Allocations: 3438)
Completed 200 OK in 11ms (Views: 9.4ms | ActiveRecord: 0.1ms | Allocations: 4258)


Started GET "/members.scss" for ::1 at 2023-09-11 10:28:43 +0900
  
ActionController::RoutingError (No route matches [GET] "/members.scss"):
  
Started GET "/usersnew" for ::1 at 2023-09-11 10:30:09 +0900
  
ActionController::RoutingError (No route matches [GET] "/usersnew"):
  
Started GET "/usersnew" for ::1 at 2023-09-11 10:31:18 +0900
  
ActionController::RoutingError (No route matches [GET] "/usersnew"):
  
Started GET "/users/new" for ::1 at 2023-09-11 10:31:24 +0900
Processing by UsersController#new as HTML
  Rendering layout layouts/application.html.erb
  Rendering users/new.html.erb within layouts/application
  Rendered users/new.html.erb within layouts/application (Duration: 1.4ms | Allocations: 1227)
  Rendered layout layouts/application.html.erb (Duration: 8.8ms | Allocations: 14388)
Completed 200 OK in 15ms (Views: 10.5ms | ActiveRecord: 0.4ms | Allocations: 17776)


Started POST "/users" for ::1 at 2023-09-11 10:31:28 +0900
Processing by UsersController#create as TURBO_STREAM
  Parameters: {"authenticity_token"=>"[FILTERED]", "user"=>{"name"=>"a", "email"=>"a", "password_digest"=>"[FILTERED]"}, "commit"=>"Create User"}
[31mUnpermitted parameter: :password_digest. Context: { controller: UsersController, action: create, request: #<ActionDispatch::Request:0x000000010edb3030>, params: {"authenticity_token"=>"[FILTERED]", "user"=>{"name"=>"a", "email"=>"a", "password_digest"=>"[FILTERED]"}, "commit"=>"Create User", "controller"=>"users", "action"=>"create"} }[0m
  Rendering layout layouts/application.html.erb
  Rendering users/new.html.erb within layouts/application
  Rendered users/new.html.erb within layouts/application (Duration: 1.3ms | Allocations: 730)
  Rendered layout layouts/application.html.erb (Duration: 6.6ms | Allocations: 2833)
Completed 200 OK in 12ms (Views: 7.5ms | ActiveRecord: 0.0ms | Allocations: 4143)


Started GET "/users/new" for ::1 at 2023-09-11 10:32:25 +0900
Processing by UsersController#new as HTML
  Rendering layout layouts/application.html.erb
  Rendering users/new.html.erb within layouts/application
  Rendered users/new.html.erb within layouts/application (Duration: 2.3ms | Allocations: 1612)
  Rendered layout layouts/application.html.erb (Duration: 2.6ms | Allocations: 1700)
Completed 500 Internal Server Error in 7ms (ActiveRecord: 0.0ms | Allocations: 2522)


  
ActionView::Template::Error (undefined local variable or method `f' for #<ActionView::Base:0x0000000000fcf8>):
    4:     <%= form.label :email, "ãƒ¡ãƒ¼ãƒ«ã‚¢ãƒ‰ãƒ¬ã‚¹" %>
    5:     <%= form.text_field :email %><br/>
    6:     <div class="field"> 
    7:     <%= f.label :password, "ãƒ‘ã‚¹ãƒ¯ãƒ¼ãƒ‰" %><br>
    8:     <%= f.password_field :password %>
    9:   </div>
   10:   <div class="field">
  
app/views/users/new.html.erb:7
app/views/users/new.html.erb:1
Started GET "/users/new" for ::1 at 2023-09-11 10:32:46 +0900
Processing by UsersController#new as HTML
  Rendering layout layouts/application.html.erb
  Rendering users/new.html.erb within layouts/application
  Rendered users/new.html.erb within layouts/application (Duration: 1.1ms | Allocations: 1251)
  Rendered layout layouts/application.html.erb (Duration: 1.4ms | Allocations: 1340)
Completed 500 Internal Server Error in 6ms (ActiveRecord: 0.0ms | Allocations: 2145)


  
ActionView::SyntaxErrorInTemplate (Encountered a syntax error while rendering template: check <%= form_with model: @user do |form| %>
    <%= form.label :name, "åå‰ï¼ˆå…¨è§’ï¼‰" %>
    <%= form.text_field :name %><br/>
    <%= form.label :email, "ãƒ¡ãƒ¼ãƒ«ã‚¢ãƒ‰ãƒ¬ã‚¹" %>
    <%= form.text_field :email %><br/>
    <div class="field"> 
    <%= f.label : password_digest, "ãƒ‘ã‚¹ãƒ¯ãƒ¼ãƒ‰" %><br>
    <%= f.password_field :password_digest %>
  </div>
  <div class="field">
    <%= f.label :password_confirmation, "ãƒ‘ã‚¹ãƒ¯ãƒ¼ãƒ‰å†å…¥åŠ›" %><br>
    <%= f.password_field :password_confirmation %>
  </div>

    <%= form.submit %>

    <% end %>
):
1:    <%= form_with model: @user do |form| %>
2:        <%= form.label :name, "åå‰ï¼ˆå…¨è§’ï¼‰" %>
3:        <%= form.text_field :name %><br/>
4:        <%= form.label :email, "ãƒ¡ãƒ¼ãƒ«ã‚¢ãƒ‰ãƒ¬ã‚¹" %>
5:        <%= form.text_field :email %><br/>
6:        <div class="field"> 
7:        <%= f.label : password_digest, "ãƒ‘ã‚¹ãƒ¯ãƒ¼ãƒ‰" %><br>
8:        <%= f.password_field :password_digest %>
9:      </div>
10:      <div class="field">
11:        <%= f.label :password_confirmation, "ãƒ‘ã‚¹ãƒ¯ãƒ¼ãƒ‰å†å…¥åŠ›" %><br>
12:        <%= f.password_field :password_confirmation %>
13:      </div>
14:    
15:        <%= form.submit %>
16:    
17:        <% end %>
  
app/views/users/new.html.erb:7: syntax error, unexpected ':'
app/views/users/new.html.erb:7: syntax error, unexpected ':'
app/views/users/new.html.erb:7: syntax error, unexpected ':'
app/views/users/new.html.erb:7: syntax error, unexpected ':'
app/views/users/new.html.erb:7: syntax error, unexpected ':'
app/views/users/new.html.erb:7: syntax error, unexpected ':'
Started GET "/users/new" for ::1 at 2023-09-11 10:33:32 +0900
Processing by UsersController#new as HTML
  Rendering layout layouts/application.html.erb
  Rendering users/new.html.erb within layouts/application
  Rendered users/new.html.erb within layouts/application (Duration: 19.9ms | Allocations: 8962)
  Rendered layout layouts/application.html.erb (Duration: 23.0ms | Allocations: 11356)
Completed 200 OK in 26ms (Views: 24.8ms | ActiveRecord: 0.0ms | Allocations: 12179)


Started POST "/users" for ::1 at 2023-09-11 10:33:37 +0900
Processing by UsersController#create as TURBO_STREAM
  Parameters: {"authenticity_token"=>"[FILTERED]", "user"=>{"name"=>"a", "email"=>"a", "password"=>"[FILTERED]", "password_confirmation"=>"[FILTERED]"}, "commit"=>"Create User"}
  [1m[36mTRANSACTION (0.1ms)[0m  [1m[36mbegin transaction[0m
  â†³ app/controllers/users_controller.rb:13:in `create'
  [1m[36mUser Create (0.5ms)[0m  [1m[32mINSERT INTO "users" ("name", "email", "password_digest", "created_at", "updated_at") VALUES (?, ?, ?, ?, ?)[0m  [["name", "a"], ["email", "a"], ["password_digest", "[FILTERED]"], ["created_at", "2023-09-11 01:33:37.883564"], ["updated_at", "2023-09-11 01:33:37.883564"]]
  â†³ app/controllers/users_controller.rb:13:in `create'
  [1m[36mTRANSACTION (0.4ms)[0m  [1m[36mcommit transaction[0m
  â†³ app/controllers/users_controller.rb:13:in `create'
Redirected to http://localhost:3000/users
Completed 302 Found in 267ms (ActiveRecord: 0.9ms | Allocations: 2411)


Started GET "/users" for ::1 at 2023-09-11 10:33:37 +0900
Processing by UsersController#index as TURBO_STREAM
  Rendering layout layouts/application.html.erb
  Rendering users/index.html.erb within layouts/application
  [1m[36mUser Load (0.1ms)[0m  [1m[34mSELECT "users".* FROM "users"[0m
  â†³ app/views/users/index.html.erb:6
  Rendered users/index.html.erb within layouts/application (Duration: 1.3ms | Allocations: 977)
  Rendered layout layouts/application.html.erb (Duration: 3.4ms | Allocations: 3241)
Completed 200 OK in 4ms (Views: 3.6ms | ActiveRecord: 0.1ms | Allocations: 3648)


Started GET "/members.scss" for ::1 at 2023-09-11 10:33:37 +0900
  
ActionController::RoutingError (No route matches [GET] "/members.scss"):
  
Started GET "/" for ::1 at 2023-09-11 13:56:31 +0900
  [1m[36mActiveRecord::SchemaMigration Pluck (0.1ms)[0m  [1m[34mSELECT "schema_migrations"."version" FROM "schema_migrations" ORDER BY "schema_migrations"."version" ASC[0m
Processing by Rails::WelcomeController#index as HTML
  Rendering /Users/nshibazaki/.rbenv/versions/3.2.2/lib/ruby/gems/3.2.0/gems/railties-7.0.7.2/lib/rails/templates/rails/welcome/index.html.erb
  Rendered /Users/nshibazaki/.rbenv/versions/3.2.2/lib/ruby/gems/3.2.0/gems/railties-7.0.7.2/lib/rails/templates/rails/welcome/index.html.erb (Duration: 1.8ms | Allocations: 489)
Completed 200 OK in 8ms (Views: 3.6ms | ActiveRecord: 0.0ms | Allocations: 4235)


Started GET "/users" for ::1 at 2023-09-11 13:56:34 +0900
Processing by UsersController#index as HTML
  Rendering layout layouts/application.html.erb
  Rendering users/index.html.erb within layouts/application
  [1m[36mUser Load (0.3ms)[0m  [1m[34mSELECT "users".* FROM "users"[0m
  â†³ app/views/users/index.html.erb:6
  Rendered users/index.html.erb within layouts/application (Duration: 5.9ms | Allocations: 5722)
  Rendered layout layouts/application.html.erb (Duration: 31.9ms | Allocations: 39551)
Completed 200 OK in 38ms (Views: 33.2ms | ActiveRecord: 0.5ms | Allocations: 41337)


Started GET "/members.scss" for ::1 at 2023-09-11 13:56:34 +0900
  
ActionController::RoutingError (No route matches [GET] "/members.scss"):
  
Started GET "/users/new" for ::1 at 2023-09-11 13:56:43 +0900
Processing by UsersController#new as HTML
  Rendering layout layouts/application.html.erb
  Rendering users/new.html.erb within layouts/application
  Rendered users/new.html.erb within layouts/application (Duration: 7.7ms | Allocations: 1995)
  Rendered layout layouts/application.html.erb (Duration: 11.7ms | Allocations: 4120)
Completed 200 OK in 14ms (Views: 12.3ms | ActiveRecord: 0.0ms | Allocations: 4489)


Started GET "/users" for ::1 at 2023-09-13 19:42:38 +0900
  [1m[36mActiveRecord::SchemaMigration Pluck (0.1ms)[0m  [1m[34mSELECT "schema_migrations"."version" FROM "schema_migrations" ORDER BY "schema_migrations"."version" ASC[0m
Processing by UsersController#index as HTML
  Rendering layout layouts/application.html.erb
  Rendering users/index.html.erb within layouts/application
  [1m[36mUser Load (0.2ms)[0m  [1m[34mSELECT "users".* FROM "users"[0m
  â†³ app/views/users/index.html.erb:6
  Rendered users/index.html.erb within layouts/application (Duration: 21.1ms | Allocations: 6376)
  Rendered layout layouts/application.html.erb (Duration: 279.9ms | Allocations: 91149)
Completed 500 Internal Server Error in 338ms (ActiveRecord: 0.6ms | Allocations: 99739)


  
ActionView::Template::Error (Permission denied @ rb_file_s_rename - (C:/bugs/bugs_total/tmp/cache/assets/sprockets/v4.0.0/lk/lkGiqVh-LZJohROFYsYNECFAYu9IM35LbpChSPMpGKM.cache.21800.29684.330435, C:/bugs/bugs_total/tmp/cache/assets/sprockets/v4.0.0/lk/lkGiqVh-LZJohROFYsYNECFAYu9IM35LbpChSPMpGKM.cache)):
  
sprockets (4.2.0) lib/sprockets/path_utils.rb:362:in `rename'
sprockets (4.2.0) lib/sprockets/path_utils.rb:362:in `atomic_write'
sprockets (4.2.0) lib/sprockets/cache/file_store.rb:112:in `set'
sprockets (4.2.0) lib/sprockets/cache.rb:227:in `set'
sprockets (4.2.0) lib/sprockets/cache.rb:143:in `set'
sprockets (4.2.0) lib/sprockets/loader.rb:263:in `store_asset'
sprockets (4.2.0) lib/sprockets/loader.rb:226:in `load_from_unloaded'
sprockets (4.2.0) lib/sprockets/loader.rb:59:in `block in load'
sprockets (4.2.0) lib/sprockets/loader.rb:337:in `fetch_asset_from_dependency_cache'
sprockets (4.2.0) lib/sprockets/loader.rb:43:in `load'
sprockets (4.2.0) lib/sprockets/cached_environment.rb:44:in `block in load'
concurrent-ruby (1.2.2) lib/concurrent-ruby/concurrent/map.rb:207:in `block in fetch_or_store'
concurrent-ruby (1.2.2) lib/concurrent-ruby/concurrent/map.rb:187:in `fetch'
concurrent-ruby (1.2.2) lib/concurrent-ruby/concurrent/map.rb:206:in `fetch_or_store'
sprockets (4.2.0) lib/sprockets/cached_environment.rb:44:in `load'
sprockets (4.2.0) lib/sprockets/context.rb:117:in `load'
sprockets (4.2.0) lib/sprockets/context.rb:145:in `depend_on_asset'
sprockets (4.2.0) lib/sprockets/context.rb:185:in `link_asset'
sprockets-rails (3.4.2) lib/sprockets/rails/context.rb:27:in `compute_asset_path'
actionview (7.0.7.2) lib/action_view/helpers/asset_url_helper.rb:203:in `asset_path'
sprockets-rails (3.4.2) lib/sprockets/rails/sourcemapping_url_processor.rb:41:in `sourcemap_asset_path'
sprockets-rails (3.4.2) lib/sprockets/rails/sourcemapping_url_processor.rb:34:in `resolved_sourcemap_comment'
sprockets-rails (3.4.2) lib/sprockets/rails/sourcemapping_url_processor.rb:15:in `block in call'
sprockets-rails (3.4.2) lib/sprockets/rails/sourcemapping_url_processor.rb:11:in `gsub'
sprockets-rails (3.4.2) lib/sprockets/rails/sourcemapping_url_processor.rb:11:in `call'
sprockets (4.2.0) lib/sprockets/processor_utils.rb:84:in `call_processor'
sprockets (4.2.0) lib/sprockets/processor_utils.rb:66:in `block in call_processors'
sprockets (4.2.0) lib/sprockets/processor_utils.rb:65:in `reverse_each'
sprockets (4.2.0) lib/sprockets/processor_utils.rb:65:in `call_processors'
sprockets (4.2.0) lib/sprockets/loader.rb:182:in `load_from_unloaded'
sprockets (4.2.0) lib/sprockets/loader.rb:59:in `block in load'
sprockets (4.2.0) lib/sprockets/loader.rb:337:in `fetch_asset_from_dependency_cache'
sprockets (4.2.0) lib/sprockets/loader.rb:43:in `load'
sprockets (4.2.0) lib/sprockets/cached_environment.rb:44:in `block in load'
concurrent-ruby (1.2.2) lib/concurrent-ruby/concurrent/map.rb:207:in `block in fetch_or_store'
concurrent-ruby (1.2.2) lib/concurrent-ruby/concurrent/map.rb:187:in `fetch'
concurrent-ruby (1.2.2) lib/concurrent-ruby/concurrent/map.rb:206:in `fetch_or_store'
sprockets (4.2.0) lib/sprockets/cached_environment.rb:44:in `load'
sprockets (4.2.0) lib/sprockets/bundle.rb:27:in `call'
sprockets (4.2.0) lib/sprockets/processor_utils.rb:84:in `call_processor'
sprockets (4.2.0) lib/sprockets/processor_utils.rb:66:in `block in call_processors'
sprockets (4.2.0) lib/sprockets/processor_utils.rb:65:in `reverse_each'
sprockets (4.2.0) lib/sprockets/processor_utils.rb:65:in `call_processors'
sprockets (4.2.0) lib/sprockets/loader.rb:182:in `load_from_unloaded'
sprockets (4.2.0) lib/sprockets/loader.rb:59:in `block in load'
sprockets (4.2.0) lib/sprockets/loader.rb:337:in `fetch_asset_from_dependency_cache'
sprockets (4.2.0) lib/sprockets/loader.rb:43:in `load'
sprockets (4.2.0) lib/sprockets/cached_environment.rb:44:in `block in load'
concurrent-ruby (1.2.2) lib/concurrent-ruby/concurrent/map.rb:207:in `block in fetch_or_store'
concurrent-ruby (1.2.2) lib/concurrent-ruby/concurrent/map.rb:187:in `fetch'
concurrent-ruby (1.2.2) lib/concurrent-ruby/concurrent/map.rb:206:in `fetch_or_store'
sprockets (4.2.0) lib/sprockets/cached_environment.rb:44:in `load'
sprockets (4.2.0) lib/sprockets/base.rb:81:in `find_asset'
sprockets (4.2.0) lib/sprockets/base.rb:88:in `find_all_linked_assets'
sprockets (4.2.0) lib/sprockets/manifest.rb:125:in `each'
sprockets (4.2.0) lib/sprockets/manifest.rb:125:in `to_a'
sprockets (4.2.0) lib/sprockets/manifest.rb:125:in `block (2 levels) in find'
concurrent-ruby (1.2.2) lib/concurrent-ruby/concurrent/executor/safe_task_executor.rb:24:in `block in execute'
concurrent-ruby (1.2.2) lib/concurrent-ruby/concurrent/synchronization/mutex_lockable_object.rb:48:in `block in synchronize'
concurrent-ruby (1.2.2) lib/concurrent-ruby/concurrent/synchronization/mutex_lockable_object.rb:48:in `synchronize'
concurrent-ruby (1.2.2) lib/concurrent-ruby/concurrent/synchronization/mutex_lockable_object.rb:48:in `synchronize'
concurrent-ruby (1.2.2) lib/concurrent-ruby/concurrent/executor/safe_task_executor.rb:22:in `execute'
concurrent-ruby (1.2.2) lib/concurrent-ruby/concurrent/promise.rb:564:in `block in realize'
concurrent-ruby (1.2.2) lib/concurrent-ruby/concurrent/executor/ruby_thread_pool_executor.rb:352:in `run_task'
concurrent-ruby (1.2.2) lib/concurrent-ruby/concurrent/executor/ruby_thread_pool_executor.rb:343:in `block (3 levels) in create_worker'
concurrent-ruby (1.2.2) lib/concurrent-ruby/concurrent/executor/ruby_thread_pool_executor.rb:334:in `loop'
concurrent-ruby (1.2.2) lib/concurrent-ruby/concurrent/executor/ruby_thread_pool_executor.rb:334:in `block (2 levels) in create_worker'
concurrent-ruby (1.2.2) lib/concurrent-ruby/concurrent/executor/ruby_thread_pool_executor.rb:333:in `catch'
concurrent-ruby (1.2.2) lib/concurrent-ruby/concurrent/executor/ruby_thread_pool_executor.rb:333:in `block in create_worker'
Started GET "/users/new" for ::1 at 2023-09-13 19:42:44 +0900
Processing by UsersController#new as HTML
  Rendering layout layouts/application.html.erb
  Rendering users/new.html.erb within layouts/application
  Rendered users/new.html.erb within layouts/application (Duration: 11.9ms | Allocations: 2820)
  Rendered layout layouts/application.html.erb (Duration: 67.3ms | Allocations: 37952)
Completed 200 OK in 71ms (Views: 68.1ms | ActiveRecord: 0.0ms | Allocations: 38388)


Started POST "/users" for ::1 at 2023-09-13 19:42:51 +0900
Processing by UsersController#create as TURBO_STREAM
  Parameters: {"authenticity_token"=>"[FILTERED]", "user"=>{"name"=>"t", "email"=>"t", "password"=>"[FILTERED]", "password_confirmation"=>"[FILTERED]"}, "commit"=>"Create User"}
  [1m[36mTRANSACTION (0.1ms)[0m  [1m[36mbegin transaction[0m
  â†³ app/controllers/users_controller.rb:13:in `create'
  [1m[36mUser Create (0.9ms)[0m  [1m[32mINSERT INTO "users" ("name", "email", "password_digest", "created_at", "updated_at") VALUES (?, ?, ?, ?, ?)[0m  [["name", "t"], ["email", "t"], ["password_digest", "[FILTERED]"], ["created_at", "2023-09-13 10:42:52.085611"], ["updated_at", "2023-09-13 10:42:52.085611"]]
  â†³ app/controllers/users_controller.rb:13:in `create'
  [1m[36mTRANSACTION (7.6ms)[0m  [1m[36mcommit transaction[0m
  â†³ app/controllers/users_controller.rb:13:in `create'
Redirected to http://localhost:3000/users
Completed 302 Found in 168ms (ActiveRecord: 8.6ms | Allocations: 3770)


Started GET "/users" for ::1 at 2023-09-13 19:42:52 +0900
Processing by UsersController#index as TURBO_STREAM
  Rendering layout layouts/application.html.erb
  Rendering users/index.html.erb within layouts/application
  [1m[36mUser Load (0.2ms)[0m  [1m[34mSELECT "users".* FROM "users"[0m
  â†³ app/views/users/index.html.erb:6
  Rendered users/index.html.erb within layouts/application (Duration: 1.4ms | Allocations: 696)
  Rendered layout layouts/application.html.erb (Duration: 6.6ms | Allocations: 3080)
Completed 200 OK in 9ms (Views: 7.4ms | ActiveRecord: 0.2ms | Allocations: 3412)


Started GET "/members.scss" for ::1 at 2023-09-13 19:42:52 +0900
  
ActionController::RoutingError (No route matches [GET] "/members.scss"):
  
  [1m[36mActiveRecord::SchemaMigration Pluck (0.1ms)[0m  [1m[34mSELECT "schema_migrations"."version" FROM "schema_migrations" ORDER BY "schema_migrations"."version" ASC[0m
Migrating to CreateContracts (20230915035206)
  [1m[36mTRANSACTION (0.0ms)[0m  [1m[36mbegin transaction[0m
  [1m[35m (0.4ms)[0m  [1m[35mCREATE TABLE "contracts" ("id" integer PRIMARY KEY AUTOINCREMENT NOT NULL, "woker" varchar, "contractStart" date, "contractEnd" date, "closingDate" date, "documentIssueDate" date, "companyRepresentative" varchar, "totalContractPeriod" date, "created_at" datetime(6) NOT NULL, "updated_at" datetime(6) NOT NULL)[0m
  [1m[36mActiveRecord::SchemaMigration Create (0.1ms)[0m  [1m[32mINSERT INTO "schema_migrations" ("version") VALUES (?)[0m  [["version", "20230915035206"]]
  [1m[36mTRANSACTION (7.9ms)[0m  [1m[36mcommit transaction[0m
  [1m[36mActiveRecord::InternalMetadata Load (0.2ms)[0m  [1m[34mSELECT "ar_internal_metadata".* FROM "ar_internal_metadata" WHERE "ar_internal_metadata"."key" = ? LIMIT ?[0m  [["key", "environment"], ["LIMIT", 1]]
  [1m[36mActiveRecord::SchemaMigration Pluck (0.1ms)[0m  [1m[34mSELECT "schema_migrations"."version" FROM "schema_migrations" ORDER BY "schema_migrations"."version" ASC[0m
Started GET "/contracts/new" for ::1 at 2023-09-15 13:07:38 +0900
  [1m[36mActiveRecord::SchemaMigration Pluck (0.1ms)[0m  [1m[34mSELECT "schema_migrations"."version" FROM "schema_migrations" ORDER BY "schema_migrations"."version" ASC[0m
Processing by ContractsController#new as HTML
  Rendering layout layouts/application.html.erb
  Rendering contracts/new.html.erb within layouts/application
  Rendered contracts/new.html.erb within layouts/application (Duration: 13.7ms | Allocations: 3362)
  Rendered layout layouts/application.html.erb (Duration: 81.2ms | Allocations: 38789)
Completed 200 OK in 128ms (Views: 88.3ms | ActiveRecord: 0.5ms | Allocations: 50548)


Started POST "/contracts" for ::1 at 2023-09-15 13:07:50 +0900
Processing by ContractsController#create as TURBO_STREAM
  Parameters: {"authenticity_token"=>"[FILTERED]", "contract"=>{"woker"=>"a", "contractStart"=>"2023-09-15", "contractEnd"=>"2023-09-15", "closingDate"=>"2023-09-15", "documentIssueDate"=>"2023-09-15", "companyRepresentative"=>"a", "totalContractPeriod"=>"2023-09-15"}, "commit"=>"æŠ•ç¨¿"}
  [1m[36mTRANSACTION (0.0ms)[0m  [1m[36mbegin transaction[0m
  â†³ app/controllers/contracts_controller.rb:12:in `create'
  [1m[36mContract Create (0.8ms)[0m  [1m[32mINSERT INTO "contracts" ("woker", "contractStart", "contractEnd", "closingDate", "documentIssueDate", "companyRepresentative", "totalContractPeriod", "created_at", "updated_at") VALUES (?, ?, ?, ?, ?, ?, ?, ?, ?)[0m  [["woker", "a"], ["contractStart", "2023-09-15"], ["contractEnd", "2023-09-15"], ["closingDate", "2023-09-15"], ["documentIssueDate", "2023-09-15"], ["companyRepresentative", "a"], ["totalContractPeriod", "2023-09-15"], ["created_at", "2023-09-15 04:07:50.680458"], ["updated_at", "2023-09-15 04:07:50.680458"]]
  â†³ app/controllers/contracts_controller.rb:12:in `create'
  [1m[36mTRANSACTION (8.0ms)[0m  [1m[36mcommit transaction[0m
  â†³ app/controllers/contracts_controller.rb:12:in `create'
Redirected to http://localhost:3000/contracts.1
Completed 302 Found in 15ms (ActiveRecord: 8.8ms | Allocations: 3831)


Started GET "/contracts.1" for ::1 at 2023-09-15 13:07:50 +0900
Processing by ContractsController#index as */*
  Rendering layout layouts/application.html.erb
  Rendering contracts/index.html.erb within layouts/application
  [1m[36mContract Load (0.2ms)[0m  [1m[34mSELECT "contracts".* FROM "contracts"[0m
  â†³ app/views/contracts/index.html.erb:4
  Rendered contracts/index.html.erb within layouts/application (Duration: 1.8ms | Allocations: 1087)
  Rendered layout layouts/application.html.erb (Duration: 6.9ms | Allocations: 3494)
Completed 200 OK in 10ms (Views: 7.3ms | ActiveRecord: 0.2ms | Allocations: 3956)


Started GET "/contracts.1" for ::1 at 2023-09-15 13:07:50 +0900
Processing by ContractsController#index as */*
  Rendering layout layouts/application.html.erb
  Rendering contracts/index.html.erb within layouts/application
  [1m[36mContract Load (0.1ms)[0m  [1m[34mSELECT "contracts".* FROM "contracts"[0m
  â†³ app/views/contracts/index.html.erb:4
  Rendered contracts/index.html.erb within layouts/application (Duration: 1.2ms | Allocations: 644)
  Rendered layout layouts/application.html.erb (Duration: 6.3ms | Allocations: 3042)
Completed 200 OK in 8ms (Views: 6.7ms | ActiveRecord: 0.1ms | Allocations: 3330)


  [1m[36mActiveRecord::SchemaMigration Pluck (0.1ms)[0m  [1m[34mSELECT "schema_migrations"."version" FROM "schema_migrations" ORDER BY "schema_migrations"."version" ASC[0m
Migrating to CreateAbouts (20230915042150)
  [1m[36mTRANSACTION (0.0ms)[0m  [1m[36mbegin transaction[0m
  [1m[35m (0.4ms)[0m  [1m[35mCREATE TABLE "abouts" ("id" integer PRIMARY KEY AUTOINCREMENT NOT NULL, "companyName" varchar, "invoiceApplicable" boolean, "invoiceIssueUnit" boolean, "phoneNumber" varchar, "fax" varchar, "postalCode" varchar, "headOfficeAddressCityStreet" varchar, "headOfficeAddressBuilding" varchar, "representativeName" varchar, "emailForExtension" varchar, "ccMailingList" varchar, "bccMailingList" varchar, "nameForAccountingDocs" varchar, "emailForAccountingDocs" varchar, "ccMailingListAccounting" varchar, "bccMailingListAccounting" varchar, "created_at" datetime(6) NOT NULL, "updated_at" datetime(6) NOT NULL)[0m
  [1m[36mActiveRecord::SchemaMigration Create (0.1ms)[0m  [1m[32mINSERT INTO "schema_migrations" ("version") VALUES (?)[0m  [["version", "20230915042150"]]
  [1m[36mTRANSACTION (7.9ms)[0m  [1m[36mcommit transaction[0m
  [1m[36mActiveRecord::InternalMetadata Load (0.1ms)[0m  [1m[34mSELECT "ar_internal_metadata".* FROM "ar_internal_metadata" WHERE "ar_internal_metadata"."key" = ? LIMIT ?[0m  [["key", "environment"], ["LIMIT", 1]]
  [1m[36mActiveRecord::SchemaMigration Pluck (0.1ms)[0m  [1m[34mSELECT "schema_migrations"."version" FROM "schema_migrations" ORDER BY "schema_migrations"."version" ASC[0m
Started GET "/abouts" for ::1 at 2023-09-15 13:39:29 +0900
  [1m[36mActiveRecord::SchemaMigration Pluck (0.1ms)[0m  [1m[34mSELECT "schema_migrations"."version" FROM "schema_migrations" ORDER BY "schema_migrations"."version" ASC[0m
Processing by AboutsController#index as HTML
  Rendering layout layouts/application.html.erb
  Rendering abouts/index.html.erb within layouts/application
  [1m[36mAbout Load (0.2ms)[0m  [1m[34mSELECT "abouts".* FROM "abouts"[0m
  â†³ app/views/abouts/index.html.erb:3
  Rendered abouts/index.html.erb within layouts/application (Duration: 3.2ms | Allocations: 1322)
  Rendered layout layouts/application.html.erb (Duration: 75.2ms | Allocations: 37471)
Completed 200 OK in 114ms (Views: 82.2ms | ActiveRecord: 0.2ms | Allocations: 42620)


Started GET "/abouts/new" for ::1 at 2023-09-15 13:39:32 +0900
Processing by AboutsController#new as HTML
  Rendering layout layouts/application.html.erb
  Rendering abouts/new.html.erb within layouts/application
  Rendered abouts/new.html.erb within layouts/application (Duration: 12.5ms | Allocations: 4474)
  Rendered layout layouts/application.html.erb (Duration: 18.4ms | Allocations: 6663)
Completed 200 OK in 33ms (Views: 19.0ms | ActiveRecord: 0.6ms | Allocations: 17968)


Started POST "/abouts" for ::1 at 2023-09-15 13:39:43 +0900
Processing by AboutsController#create as TURBO_STREAM
  Parameters: {"authenticity_token"=>"[FILTERED]", "about"=>{"companyName"=>"aaa", "invoiceApplicable"=>"1", "invoiceIssueUnit"=>"1", "phoneNumber"=>"a", "fax"=>"aadfasf", "postalCode"=>"a", "headOfficeAddressCityStreet"=>"sfasdf", "headOfficeAddressBuilding"=>"f", "representativeName"=>"sdfas", "emailForExtension"=>"dfasf", "ccMailingList"=>"sadfsad", "bccMailingList"=>"fsadf", "nameForAccountingDocs"=>"sdfasdf", "emailForAccountingDocs"=>"asdfsa", "ccMailingListAccounting"=>"fsadf", "bccMailingListAccounting"=>"asdfsad"}, "commit"=>"æŠ•ç¨¿"}
  [1m[36mTRANSACTION (0.1ms)[0m  [1m[36mbegin transaction[0m
  â†³ app/controllers/abouts_controller.rb:13:in `create'
  [1m[36mAbout Create (0.5ms)[0m  [1m[32mINSERT INTO "abouts" ("companyName", "invoiceApplicable", "invoiceIssueUnit", "phoneNumber", "fax", "postalCode", "headOfficeAddressCityStreet", "headOfficeAddressBuilding", "representativeName", "emailForExtension", "ccMailingList", "bccMailingList", "nameForAccountingDocs", "emailForAccountingDocs", "ccMailingListAccounting", "bccMailingListAccounting", "created_at", "updated_at") VALUES (?, ?, ?, ?, ?, ?, ?, ?, ?, ?, ?, ?, ?, ?, ?, ?, ?, ?)[0m  [["companyName", "aaa"], ["invoiceApplicable", 1], ["invoiceIssueUnit", 1], ["phoneNumber", "a"], ["fax", "aadfasf"], ["postalCode", "a"], ["headOfficeAddressCityStreet", "sfasdf"], ["headOfficeAddressBuilding", "f"], ["representativeName", "sdfas"], ["emailForExtension", "dfasf"], ["ccMailingList", "sadfsad"], ["bccMailingList", "fsadf"], ["nameForAccountingDocs", "sdfasdf"], ["emailForAccountingDocs", "asdfsa"], ["ccMailingListAccounting", "fsadf"], ["bccMailingListAccounting", "asdfsad"], ["created_at", "2023-09-15 04:39:43.694388"], ["updated_at", "2023-09-15 04:39:43.694388"]]
  â†³ app/controllers/abouts_controller.rb:13:in `create'
  [1m[36mTRANSACTION (7.8ms)[0m  [1m[36mcommit transaction[0m
  â†³ app/controllers/abouts_controller.rb:13:in `create'
Redirected to http://localhost:3000/abouts
Completed 302 Found in 14ms (ActiveRecord: 8.4ms | Allocations: 3972)


Started GET "/abouts" for ::1 at 2023-09-15 13:39:43 +0900
Processing by AboutsController#index as TURBO_STREAM
  Rendering layout layouts/application.html.erb
  Rendering abouts/index.html.erb within layouts/application
  [1m[36mAbout Load (0.1ms)[0m  [1m[34mSELECT "abouts".* FROM "abouts"[0m
  â†³ app/views/abouts/index.html.erb:3
  Rendered abouts/index.html.erb within layouts/application (Duration: 6.9ms | Allocations: 656)
  Rendered layout layouts/application.html.erb (Duration: 12.4ms | Allocations: 3071)
Completed 200 OK in 15ms (Views: 12.8ms | ActiveRecord: 0.1ms | Allocations: 3403)


Started GET "/show_pdf.pdf" for ::1 at 2023-09-16 10:02:25 +0900
  [1m[36mActiveRecord::SchemaMigration Pluck (0.1ms)[0m  [1m[34mSELECT "schema_migrations"."version" FROM "schema_migrations" ORDER BY "schema_migrations"."version" ASC[0m
Processing by ShowPdfController#index as PDF
Completed 500 Internal Server Error in 2ms (ActiveRecord: 0.0ms | Allocations: 1745)


  
NameError (uninitialized constant ShowPdfController::ShowPdf):
  
app/controllers/show_pdf_controller.rb:5:in `block (2 levels) in index'
app/controllers/show_pdf_controller.rb:3:in `index'
Started GET "/show_pdf.pdf" for ::1 at 2023-09-16 10:03:05 +0900
  [1m[36mActiveRecord::SchemaMigration Pluck (0.0ms)[0m  [1m[34mSELECT "schema_migrations"."version" FROM "schema_migrations" ORDER BY "schema_migrations"."version" ASC[0m
Processing by ShowPdfController#index as PDF
Completed 500 Internal Server Error in 2ms (ActiveRecord: 0.0ms | Allocations: 1746)


  
NameError (uninitialized constant ShowPdfController::ShowPdf):
  
app/controllers/show_pdf_controller.rb:5:in `block (2 levels) in index'
app/controllers/show_pdf_controller.rb:3:in `index'
Started GET "/show_pdf.pdf" for ::1 at 2023-09-16 10:05:25 +0900
Processing by ShowPdfController#index as PDF
Completed 500 Internal Server Error in 1ms (ActiveRecord: 0.0ms | Allocations: 494)


  
NameError (uninitialized constant ShowPdfController::ShowPdf):
  
app/controllers/show_pdf_controller.rb:5:in `block (2 levels) in index'
app/controllers/show_pdf_controller.rb:3:in `index'
Started GET "/show_pdf.pdf" for ::1 at 2023-09-16 10:13:58 +0900
Processing by ShowPdfController#index as PDF
Completed 500 Internal Server Error in 0ms (ActiveRecord: 0.0ms | Allocations: 481)


  
NameError (uninitialized constant ShowPdfController::ShowPdf):
  
app/controllers/show_pdf_controller.rb:5:in `block (2 levels) in index'
app/controllers/show_pdf_controller.rb:3:in `index'
Started GET "/show_pdf.pdf" for ::1 at 2023-09-16 10:13:59 +0900
Processing by ShowPdfController#index as PDF
Completed 500 Internal Server Error in 1ms (ActiveRecord: 0.0ms | Allocations: 492)


  
NameError (uninitialized constant ShowPdfController::ShowPdf):
  
app/controllers/show_pdf_controller.rb:5:in `block (2 levels) in index'
app/controllers/show_pdf_controller.rb:3:in `index'
Started GET "/show_pdf.pdf" for ::1 at 2023-09-16 10:34:00 +0900
Processing by ShowPdfController#index as PDF
Completed 500 Internal Server Error in 1ms (ActiveRecord: 0.0ms | Allocations: 492)


  
NameError (uninitialized constant ShowPdfController::ShowPdf):
  
app/controllers/show_pdf_controller.rb:5:in `block (2 levels) in index'
app/controllers/show_pdf_controller.rb:3:in `index'
Started GET "/show_pdf.pdf" for ::1 at 2023-09-16 10:34:01 +0900
Processing by ShowPdfController#index as PDF
Completed 500 Internal Server Error in 1ms (ActiveRecord: 0.0ms | Allocations: 490)


  
NameError (uninitialized constant ShowPdfController::ShowPdf):
  
app/controllers/show_pdf_controller.rb:5:in `block (2 levels) in index'
app/controllers/show_pdf_controller.rb:3:in `index'
Started GET "/show_pdf.pdf" for ::1 at 2023-09-16 10:38:05 +0900
Processing by ShowPdfController#index as PDF
Completed 500 Internal Server Error in 1ms (ActiveRecord: 0.0ms | Allocations: 490)


  
NameError (uninitialized constant ShowPdfController::ShowPdf):
  
app/controllers/show_pdf_controller.rb:5:in `block (2 levels) in index'
app/controllers/show_pdf_controller.rb:3:in `index'
Started GET "/show_pdf.pdf" for ::1 at 2023-09-16 10:38:07 +0900
Processing by ShowPdfController#index as PDF
Completed 500 Internal Server Error in 1ms (ActiveRecord: 0.0ms | Allocations: 490)


  
NameError (uninitialized constant ShowPdfController::ShowPdf):
  
app/controllers/show_pdf_controller.rb:5:in `block (2 levels) in index'
app/controllers/show_pdf_controller.rb:3:in `index'
Started GET "/show_pdf.pdf" for ::1 at 2023-09-16 10:38:41 +0900
Processing by ShowPdfController#index as PDF
Completed 500 Internal Server Error in 0ms (ActiveRecord: 0.0ms | Allocations: 481)


  
NameError (uninitialized constant ShowPdfController::ShowPdf):
  
app/controllers/show_pdf_controller.rb:5:in `block (2 levels) in index'
app/controllers/show_pdf_controller.rb:3:in `index'
Started GET "/show_pdf" for ::1 at 2023-09-16 10:38:44 +0900
Processing by ShowPdfController#index as HTML
Completed 406 Not Acceptable in 1ms (ActiveRecord: 0.0ms | Allocations: 476)


  
ActionController::UnknownFormat (ActionController::UnknownFormat):
  
app/controllers/show_pdf_controller.rb:3:in `index'
Started GET "/show_pdf.pdf" for ::1 at 2023-09-16 10:38:50 +0900
Processing by ShowPdfController#index as PDF
Completed 500 Internal Server Error in 1ms (ActiveRecord: 0.0ms | Allocations: 490)


  
NameError (uninitialized constant ShowPdfController::ShowPdf):
  
app/controllers/show_pdf_controller.rb:5:in `block (2 levels) in index'
app/controllers/show_pdf_controller.rb:3:in `index'
Started GET "/show_pdf.pdf" for ::1 at 2023-09-16 10:39:46 +0900
Processing by ShowPdfController#index as PDF
Completed 500 Internal Server Error in 0ms (ActiveRecord: 0.0ms | Allocations: 481)


  
NameError (uninitialized constant ShowPdfController::ShowPdf):
  
app/controllers/show_pdf_controller.rb:5:in `block (2 levels) in index'
app/controllers/show_pdf_controller.rb:3:in `index'
Started GET "/show_pdf.pdf" for ::1 at 2023-09-16 10:52:38 +0900
Processing by ShowPdfController#index as PDF
Completed 500 Internal Server Error in 1ms (ActiveRecord: 0.0ms | Allocations: 490)


  
NameError (uninitialized constant ShowPdfController::ShowPdf):
  
app/controllers/show_pdf_controller.rb:5:in `block (2 levels) in index'
app/controllers/show_pdf_controller.rb:3:in `index'
Started GET "/show_pdf.pdf" for ::1 at 2023-09-18 18:18:01 +0900
  [1m[36mActiveRecord::SchemaMigration Pluck (0.2ms)[0m  [1m[34mSELECT "schema_migrations"."version" FROM "schema_migrations" ORDER BY "schema_migrations"."version" ASC[0m
Processing by ShowPdfController#index as PDF
Completed 500 Internal Server Error in 3ms (ActiveRecord: 0.0ms | Allocations: 1977)


  
NameError (uninitialized constant Prawn):
  
app/models/show_pdf.rb:1:in `<main>'
app/controllers/show_pdf_controller.rb:5:in `block (2 levels) in index'
app/controllers/show_pdf_controller.rb:3:in `index'
Started GET "/show_pdf.pdf" for ::1 at 2023-09-18 18:18:13 +0900
Processing by ShowPdfController#index as PDF
Completed 500 Internal Server Error in 2ms (ActiveRecord: 0.0ms | Allocations: 560)


  
NameError (uninitialized constant Prawn):
  
app/models/show_pdf.rb:1:in `<main>'
app/controllers/show_pdf_controller.rb:5:in `block (2 levels) in index'
app/controllers/show_pdf_controller.rb:3:in `index'
Started GET "/show_pdf.pdf" for ::1 at 2023-09-18 18:20:09 +0900
Processing by ShowPdfController#index as PDF
Completed 500 Internal Server Error in 0ms (ActiveRecord: 0.0ms | Allocations: 546)


  
NameError (uninitialized constant Prawn):
  
app/models/show_pdf.rb:1:in `<main>'
app/controllers/show_pdf_controller.rb:5:in `block (2 levels) in index'
app/controllers/show_pdf_controller.rb:3:in `index'
Started GET "/show_pdf.pdf" for ::1 at 2023-09-18 18:20:10 +0900
Processing by ShowPdfController#index as PDF
Completed 500 Internal Server Error in 1ms (ActiveRecord: 0.0ms | Allocations: 555)


  
NameError (uninitialized constant Prawn):
  
app/models/show_pdf.rb:1:in `<main>'
app/controllers/show_pdf_controller.rb:5:in `block (2 levels) in index'
app/controllers/show_pdf_controller.rb:3:in `index'
Started GET "/show_pdf.pdf" for ::1 at 2023-09-18 18:20:19 +0900
Processing by ShowPdfController#index as PDF
Completed 500 Internal Server Error in 2ms (ActiveRecord: 0.0ms | Allocations: 555)


  
NameError (uninitialized constant Prawn):
  
app/models/show_pdf.rb:1:in `<main>'
app/controllers/show_pdf_controller.rb:5:in `block (2 levels) in index'
app/controllers/show_pdf_controller.rb:3:in `index'
Started GET "/show_pdf.pdf" for ::1 at 2023-09-18 18:24:51 +0900
Processing by ShowPdfController#index as PDF
Completed 500 Internal Server Error in 0ms (ActiveRecord: 0.0ms | Allocations: 548)


  
NameError (uninitialized constant Prawn):
  
app/models/show_pdf.rb:1:in `<main>'
app/controllers/show_pdf_controller.rb:5:in `block (2 levels) in index'
app/controllers/show_pdf_controller.rb:3:in `index'
Started GET "/show_pdf.pdf" for ::1 at 2023-09-18 18:24:54 +0900
Processing by ShowPdfController#index as PDF
Completed 500 Internal Server Error in 2ms (ActiveRecord: 0.0ms | Allocations: 555)


  
NameError (uninitialized constant Prawn):
  
app/models/show_pdf.rb:1:in `<main>'
app/controllers/show_pdf_controller.rb:5:in `block (2 levels) in index'
app/controllers/show_pdf_controller.rb:3:in `index'
Started GET "/show_pdf.pdf" for ::1 at 2023-09-18 18:25:53 +0900
  [1m[36mActiveRecord::SchemaMigration Pluck (0.1ms)[0m  [1m[34mSELECT "schema_migrations"."version" FROM "schema_migrations" ORDER BY "schema_migrations"."version" ASC[0m
Processing by ShowPdfController#index as PDF
Completed 500 Internal Server Error in 2ms (ActiveRecord: 0.0ms | Allocations: 1837)


  
NameError (uninitialized constant Prawn):
  
app/models/show_pdf.rb:1:in `<main>'
app/controllers/show_pdf_controller.rb:5:in `block (2 levels) in index'
app/controllers/show_pdf_controller.rb:3:in `index'
Started GET "/show_pdf.pdf" for ::1 at 2023-09-18 18:25:54 +0900
Processing by ShowPdfController#index as PDF
Completed 500 Internal Server Error in 2ms (ActiveRecord: 0.0ms | Allocations: 560)


  
NameError (uninitialized constant Prawn):
  
app/models/show_pdf.rb:1:in `<main>'
app/controllers/show_pdf_controller.rb:5:in `block (2 levels) in index'
app/controllers/show_pdf_controller.rb:3:in `index'
Started GET "/show_pdf" for ::1 at 2023-09-18 18:25:58 +0900
Processing by ShowPdfController#index as HTML
Completed 406 Not Acceptable in 1ms (ActiveRecord: 0.0ms | Allocations: 478)


  
ActionController::UnknownFormat (ActionController::UnknownFormat):
  
app/controllers/show_pdf_controller.rb:3:in `index'
Started GET "/show_pdf.pdf" for ::1 at 2023-09-18 18:26:04 +0900
Processing by ShowPdfController#index as PDF
Completed 500 Internal Server Error in 1ms (ActiveRecord: 0.0ms | Allocations: 557)


  
NameError (uninitialized constant Prawn):
  
app/models/show_pdf.rb:1:in `<main>'
app/controllers/show_pdf_controller.rb:5:in `block (2 levels) in index'
app/controllers/show_pdf_controller.rb:3:in `index'
Started GET "/show_pdf.pdf" for ::1 at 2023-09-18 18:28:23 +0900
Processing by ShowPdfController#index as PDF
Completed 500 Internal Server Error in 1ms (ActiveRecord: 0.0ms | Allocations: 700)


  
NameError (undefined local variable or method `requireã€€Prawn' for main:Object):
  
app/models/show_pdf.rb:1:in `<main>'
app/controllers/show_pdf_controller.rb:5:in `block (2 levels) in index'
app/controllers/show_pdf_controller.rb:3:in `index'
Started GET "/show_pdf.pdf" for ::1 at 2023-09-18 18:28:40 +0900
Processing by ShowPdfController#index as PDF
Completed 500 Internal Server Error in 1ms (ActiveRecord: 0.0ms | Allocations: 694)


  
NameError (uninitialized constant Prawn):
  
app/models/show_pdf.rb:1:in `<main>'
app/controllers/show_pdf_controller.rb:5:in `block (2 levels) in index'
app/controllers/show_pdf_controller.rb:3:in `index'
Started GET "/show_pdf.pdf" for ::1 at 2023-09-18 18:28:50 +0900
Processing by ShowPdfController#index as PDF
Completed 500 Internal Server Error in 1ms (ActiveRecord: 0.0ms | Allocations: 690)


  
NameError (uninitialized constant Prawn):
  
app/models/show_pdf.rb:2:in `<main>'
app/controllers/show_pdf_controller.rb:5:in `block (2 levels) in index'
app/controllers/show_pdf_controller.rb:3:in `index'
Started GET "/show_pdf.pdf" for ::1 at 2023-09-18 18:30:34 +0900
Processing by ShowPdfController#index as PDF
Completed 500 Internal Server Error in 1ms (ActiveRecord: 0.0ms | Allocations: 691)


  
NameError (uninitialized constant Prawn):
  
app/models/show_pdf.rb:1:in `<main>'
app/controllers/show_pdf_controller.rb:5:in `block (2 levels) in index'
app/controllers/show_pdf_controller.rb:3:in `index'
Started GET "/show_pdf.pdf" for ::1 at 2023-09-18 18:30:42 +0900
Processing by ShowPdfController#index as PDF
Completed 500 Internal Server Error in 1ms (ActiveRecord: 0.0ms | Allocations: 555)


  
NameError (uninitialized constant Prawn):
  
app/models/show_pdf.rb:1:in `<main>'
app/controllers/show_pdf_controller.rb:5:in `block (2 levels) in index'
app/controllers/show_pdf_controller.rb:3:in `index'
Started GET "/show_pdf.pdf" for ::1 at 2023-09-18 18:31:00 +0900
Processing by ShowPdfController#index as PDF
Completed 500 Internal Server Error in 1ms (ActiveRecord: 0.0ms | Allocations: 555)


  
NameError (uninitialized constant Prawn):
  
app/models/show_pdf.rb:1:in `<main>'
app/controllers/show_pdf_controller.rb:5:in `block (2 levels) in index'
app/controllers/show_pdf_controller.rb:3:in `index'
Started GET "/show_pdf.pdf" for ::1 at 2023-09-18 18:31:01 +0900
Processing by ShowPdfController#index as PDF
Completed 500 Internal Server Error in 2ms (ActiveRecord: 0.0ms | Allocations: 557)


  
NameError (uninitialized constant Prawn):
  
app/models/show_pdf.rb:1:in `<main>'
app/controllers/show_pdf_controller.rb:5:in `block (2 levels) in index'
app/controllers/show_pdf_controller.rb:3:in `index'
Started GET "/show_pdf.pdf" for ::1 at 2023-09-18 18:31:02 +0900
Processing by ShowPdfController#index as PDF
Completed 500 Internal Server Error in 3ms (ActiveRecord: 0.0ms | Allocations: 555)


  
NameError (uninitialized constant Prawn):
  
app/models/show_pdf.rb:1:in `<main>'
app/controllers/show_pdf_controller.rb:5:in `block (2 levels) in index'
app/controllers/show_pdf_controller.rb:3:in `index'
Started GET "/show_pdf.pdf" for ::1 at 2023-09-18 18:31:21 +0900
Processing by ShowPdfController#index as PDF
Completed 500 Internal Server Error in 0ms (ActiveRecord: 0.0ms | Allocations: 548)


  
NameError (uninitialized constant Prawn):
  
app/models/show_pdf.rb:1:in `<main>'
app/controllers/show_pdf_controller.rb:5:in `block (2 levels) in index'
app/controllers/show_pdf_controller.rb:3:in `index'
Started GET "/show_pdf.pdf" for ::1 at 2023-09-18 18:31:21 +0900
Processing by ShowPdfController#index as PDF
Completed 500 Internal Server Error in 2ms (ActiveRecord: 0.0ms | Allocations: 555)


  
NameError (uninitialized constant Prawn):
  
app/models/show_pdf.rb:1:in `<main>'
app/controllers/show_pdf_controller.rb:5:in `block (2 levels) in index'
app/controllers/show_pdf_controller.rb:3:in `index'
Started GET "/show_pdf.pdf" for ::1 at 2023-09-18 18:31:22 +0900
Processing by ShowPdfController#index as PDF
Completed 500 Internal Server Error in 1ms (ActiveRecord: 0.0ms | Allocations: 555)


  
NameError (uninitialized constant Prawn):
  
app/models/show_pdf.rb:1:in `<main>'
app/controllers/show_pdf_controller.rb:5:in `block (2 levels) in index'
app/controllers/show_pdf_controller.rb:3:in `index'
Started GET "/show_pdf.pdf" for ::1 at 2023-09-18 18:31:30 +0900
  [1m[36mActiveRecord::SchemaMigration Pluck (0.0ms)[0m  [1m[34mSELECT "schema_migrations"."version" FROM "schema_migrations" ORDER BY "schema_migrations"."version" ASC[0m
Processing by ShowPdfController#index as PDF
Completed 500 Internal Server Error in 2ms (ActiveRecord: 0.0ms | Allocations: 1837)


  
NameError (uninitialized constant Prawn):
  
app/models/show_pdf.rb:1:in `<main>'
app/controllers/show_pdf_controller.rb:5:in `block (2 levels) in index'
app/controllers/show_pdf_controller.rb:3:in `index'
Started GET "/show_pdf.pdf" for ::1 at 2023-09-18 18:31:31 +0900
Processing by ShowPdfController#index as PDF
Completed 500 Internal Server Error in 2ms (ActiveRecord: 0.0ms | Allocations: 560)


  
NameError (uninitialized constant Prawn):
  
app/models/show_pdf.rb:1:in `<main>'
app/controllers/show_pdf_controller.rb:5:in `block (2 levels) in index'
app/controllers/show_pdf_controller.rb:3:in `index'
Started GET "/contracts" for ::1 at 2023-09-18 18:33:14 +0900
Processing by ContractsController#index as HTML
  Rendering layout layouts/application.html.erb
  Rendering contracts/index.html.erb within layouts/application
  [1m[36mContract Load (0.0ms)[0m  [1m[34mSELECT "contracts".* FROM "contracts"[0m
  â†³ app/views/contracts/index.html.erb:2
  [1m[36mAbout Load (0.1ms)[0m  [1m[34mSELECT "abouts".* FROM "abouts"[0m
  â†³ app/views/contracts/index.html.erb:19
  Rendered contracts/index.html.erb within layouts/application (Duration: 10.0ms | Allocations: 18288)
  Rendered layout layouts/application.html.erb (Duration: 161.6ms | Allocations: 113275)
Completed 200 OK in 164ms (Views: 161.8ms | ActiveRecord: 0.6ms | Allocations: 115359)


Started GET "/contracts" for ::1 at 2023-09-18 18:33:28 +0900
Processing by ContractsController#index as HTML
  Rendering layout layouts/application.html.erb
  Rendering contracts/index.html.erb within layouts/application
  [1m[36mContract Load (0.0ms)[0m  [1m[34mSELECT "contracts".* FROM "contracts"[0m
  â†³ app/views/contracts/index.html.erb:2
  Rendered contracts/index.html.erb within layouts/application (Duration: 2.2ms | Allocations: 4456)
  Rendered layout layouts/application.html.erb (Duration: 2.3ms | Allocations: 4545)
Completed 500 Internal Server Error in 3ms (ActiveRecord: 0.3ms | Allocations: 5592)


  
ActionView::Template::Error (undefined method `each' for nil:NilClass):
    16: </ul>
    17: 
    18: <ul>
    19:     <% @abouts.each do |about| %>
    20:         <li>
    21:             <h2><%= about.companyName %></h2>
    22:             <span>
  
app/views/contracts/index.html.erb:19
Started GET "/contracts" for ::1 at 2023-09-18 18:33:38 +0900
Processing by ContractsController#index as HTML
  Rendering layout layouts/application.html.erb
  Rendering contracts/index.html.erb within layouts/application
  [1m[36mContract Load (0.2ms)[0m  [1m[34mSELECT "contracts".* FROM "contracts"[0m
  â†³ app/views/contracts/index.html.erb:2
  Rendered contracts/index.html.erb within layouts/application (Duration: 2.0ms | Allocations: 928)
  Rendered layout layouts/application.html.erb (Duration: 16.4ms | Allocations: 15884)
Completed 200 OK in 22ms (Views: 18.3ms | ActiveRecord: 0.2ms | Allocations: 16722)


Started GET "/contracts/new" for ::1 at 2023-09-18 18:33:45 +0900
Processing by ContractsController#new as HTML
  Rendering layout layouts/application.html.erb
  Rendering contracts/new.html.erb within layouts/application
  Rendered contracts/new.html.erb within layouts/application (Duration: 26.2ms | Allocations: 9984)
  Rendered layout layouts/application.html.erb (Duration: 29.0ms | Allocations: 12348)
Completed 200 OK in 30ms (Views: 29.5ms | ActiveRecord: 0.0ms | Allocations: 12719)


  [1m[36mActiveRecord::SchemaMigration Pluck (0.0ms)[0m  [1m[34mSELECT "schema_migrations"."version" FROM "schema_migrations" ORDER BY "schema_migrations"."version" ASC[0m
Migrating to CreateActiveStorageTables (20230918095204)
  [1m[36mTRANSACTION (0.0ms)[0m  [1m[36mbegin transaction[0m
  [1m[35m (0.9ms)[0m  [1m[35mCREATE TABLE "active_storage_blobs" ("id" integer PRIMARY KEY AUTOINCREMENT NOT NULL, "key" varchar NOT NULL, "filename" varchar NOT NULL, "content_type" varchar, "metadata" text, "service_name" varchar NOT NULL, "byte_size" bigint NOT NULL, "checksum" varchar, "created_at" datetime(6) NOT NULL)[0m
  [1m[35m (0.1ms)[0m  [1m[35mCREATE UNIQUE INDEX "index_active_storage_blobs_on_key" ON "active_storage_blobs" ("key")[0m
  [1m[35m (0.1ms)[0m  [1m[35mCREATE TABLE "active_storage_attachments" ("id" integer PRIMARY KEY AUTOINCREMENT NOT NULL, "name" varchar NOT NULL, "record_type" varchar NOT NULL, "record_id" bigint NOT NULL, "blob_id" bigint NOT NULL, "created_at" datetime(6) NOT NULL, CONSTRAINT "fk_rails_c3b3935057"
FOREIGN KEY ("blob_id")
  REFERENCES "active_storage_blobs" ("id")
)[0m
  [1m[35m (0.0ms)[0m  [1m[35mCREATE INDEX "index_active_storage_attachments_on_blob_id" ON "active_storage_attachments" ("blob_id")[0m
  [1m[35m (0.0ms)[0m  [1m[35mCREATE UNIQUE INDEX "index_active_storage_attachments_uniqueness" ON "active_storage_attachments" ("record_type", "record_id", "name", "blob_id")[0m
  [1m[35m (0.0ms)[0m  [1m[35mCREATE TABLE "active_storage_variant_records" ("id" integer PRIMARY KEY AUTOINCREMENT NOT NULL, "blob_id" bigint NOT NULL, "variation_digest" varchar NOT NULL, CONSTRAINT "fk_rails_993965df05"
FOREIGN KEY ("blob_id")
  REFERENCES "active_storage_blobs" ("id")
)[0m
  [1m[35m (0.0ms)[0m  [1m[35mCREATE UNIQUE INDEX "index_active_storage_variant_records_uniqueness" ON "active_storage_variant_records" ("blob_id", "variation_digest")[0m
  [1m[36mActiveRecord::SchemaMigration Create (0.1ms)[0m  [1m[32mINSERT INTO "schema_migrations" ("version") VALUES (?)[0m  [["version", "20230918095204"]]
  [1m[36mTRANSACTION (0.3ms)[0m  [1m[36mcommit transaction[0m
  [1m[36mActiveRecord::InternalMetadata Load (0.1ms)[0m  [1m[34mSELECT "ar_internal_metadata".* FROM "ar_internal_metadata" WHERE "ar_internal_metadata"."key" = ? LIMIT ?[0m  [["key", "environment"], ["LIMIT", 1]]
  [1m[36mActiveRecord::SchemaMigration Pluck (0.0ms)[0m  [1m[34mSELECT "schema_migrations"."version" FROM "schema_migrations" ORDER BY "schema_migrations"."version" ASC[0m
